<?xml version='1.0' encoding='UTF-8' ?>
<testsuite errors="0" failures="1" hostname="ASDAs-Mac-Pro.local" name="DummyObjCSomeFailuresTests" tests="2" time="0.002" timestamp="2016-02-04 09:12:33 -0800">
<testcase classname='DummyObjCSomeFailuresTests' name='testFailure1' time='0.001'>
<failure message='failed - Failure 1' type='Failure'>/Users/Shared/Jenkins/Home/jobs/dwsjoquist testing/workspace/ASDA-Tests/Common/DummyObjCSomeFailuresTests.m:19</failure>
</testcase>
<testcase classname='DummyObjCSomeFailuresTests' name='testSuccess1' time='0.0' />
</testsuite>
